{"/Users/PoweredbySearch/Development/repos/freshbooks-api-client-redux/lib/index.js":{"path":"/Users/PoweredbySearch/Development/repos/freshbooks-api-client-redux/lib/index.js","s":{"1":1,"2":1,"3":1,"4":1,"5":1,"6":1,"7":2,"8":1,"9":1,"10":1,"11":1},"b":{"1":[2,0],"2":[2,2]},"f":{"1":2,"2":1},"fnMap":{"1":{"name":"_interopRequireDefault","line":15,"loc":{"start":{"line":0,"column":0},"end":{"line":0,"column":0},"skip":true},"skip":true},"2":{"name":"FreshbooksApiClient","line":31,"loc":{"start":{"line":17,"column":28},"end":{"line":17,"column":38}}}},"statementMap":{"1":{"start":{"line":0,"column":0},"end":{"line":0,"column":0},"skip":true},"2":{"start":{"line":0,"column":0},"end":{"line":0,"column":0},"skip":true},"3":{"start":{"line":0,"column":0},"end":{"line":0,"column":0},"skip":true},"4":{"start":{"line":0,"column":0},"end":{"line":0,"column":0},"skip":true},"5":{"start":{"line":0,"column":0},"end":{"line":0,"column":0},"skip":true},"6":{"start":{"line":0,"column":0},"end":{"line":0,"column":0},"skip":true},"7":{"start":{"line":0,"column":0},"end":{"line":0,"column":0},"skip":true},"8":{"start":{"line":3,"column":0},"end":{"line":9,"column":1}},"9":{"start":{"line":9,"column":2},"end":{"line":21,"column":2}},"10":{"start":{"line":18,"column":2},"end":{"line":20,"column":5}},"11":{"start":{"line":0,"column":0},"end":{"line":0,"column":0},"skip":true}},"branchMap":{"1":{"line":15,"type":"cond-expr","locations":[{"start":{"line":0,"column":0},"end":{"line":0,"column":0},"skip":true},{"start":{"line":0,"column":0},"end":{"line":0,"column":0},"skip":true}]},"2":{"line":15,"type":"binary-expr","locations":[{"start":{"line":0,"column":0},"end":{"line":0,"column":0},"skip":true},{"start":{"line":0,"column":0},"end":{"line":0,"column":0},"skip":true}]}}},"/Users/PoweredbySearch/Development/repos/freshbooks-api-client-redux/lib/freshbooks.js":{"path":"/Users/PoweredbySearch/Development/repos/freshbooks-api-client-redux/lib/freshbooks.js","s":{"1":1,"2":1,"3":1,"4":1,"5":1,"6":1,"7":1,"8":1},"b":{"1":[0,1],"2":[1,1]},"f":{"1":1},"fnMap":{"1":{"name":"_interopRequireDefault","line":13,"loc":{"start":{"line":0,"column":0},"end":{"line":0,"column":0},"skip":true},"skip":true}},"statementMap":{"1":{"start":{"line":0,"column":0},"end":{"line":0,"column":0},"skip":true},"2":{"start":{"line":0,"column":0},"end":{"line":0,"column":0},"skip":true},"3":{"start":{"line":0,"column":0},"end":{"line":0,"column":0},"skip":true},"4":{"start":{"line":0,"column":0},"end":{"line":0,"column":0},"skip":true},"5":{"start":{"line":0,"column":0},"end":{"line":0,"column":0},"skip":true},"6":{"start":{"line":0,"column":0},"end":{"line":0,"column":0},"skip":true},"7":{"start":{"line":4,"column":0},"end":{"line":8,"column":3}},"8":{"start":{"line":0,"column":0},"end":{"line":0,"column":0},"skip":true}},"branchMap":{"1":{"line":13,"type":"cond-expr","locations":[{"start":{"line":0,"column":0},"end":{"line":0,"column":0},"skip":true},{"start":{"line":0,"column":0},"end":{"line":0,"column":0},"skip":true}]},"2":{"line":13,"type":"binary-expr","locations":[{"start":{"line":0,"column":0},"end":{"line":0,"column":0},"skip":true},{"start":{"line":0,"column":0},"end":{"line":0,"column":0},"skip":true}]}}},"/Users/PoweredbySearch/Development/repos/freshbooks-api-client-redux/lib/api/index.js":{"path":"/Users/PoweredbySearch/Development/repos/freshbooks-api-client-redux/lib/api/index.js","s":{"1":1,"2":1,"3":1,"4":1,"5":1,"6":1,"7":1,"8":2,"9":1},"b":{"1":[1,1],"2":[2,2]},"f":{"1":2},"fnMap":{"1":{"name":"_interopRequireDefault","line":16,"loc":{"start":{"line":0,"column":0},"end":{"line":0,"column":0},"skip":true},"skip":true}},"statementMap":{"1":{"start":{"line":0,"column":0},"end":{"line":0,"column":0},"skip":true},"2":{"start":{"line":0,"column":0},"end":{"line":0,"column":0},"skip":true},"3":{"start":{"line":0,"column":0},"end":{"line":0,"column":0},"skip":true},"4":{"start":{"line":0,"column":0},"end":{"line":0,"column":0},"skip":true},"5":{"start":{"line":0,"column":0},"end":{"line":0,"column":0},"skip":true},"6":{"start":{"line":0,"column":0},"end":{"line":0,"column":0},"skip":true},"7":{"start":{"line":0,"column":0},"end":{"line":0,"column":0},"skip":true},"8":{"start":{"line":0,"column":0},"end":{"line":0,"column":0},"skip":true},"9":{"start":{"line":4,"column":7},"end":{"line":6,"column":3}}},"branchMap":{"1":{"line":16,"type":"cond-expr","locations":[{"start":{"line":0,"column":0},"end":{"line":0,"column":0},"skip":true},{"start":{"line":0,"column":0},"end":{"line":0,"column":0},"skip":true}]},"2":{"line":16,"type":"binary-expr","locations":[{"start":{"line":0,"column":0},"end":{"line":0,"column":0},"skip":true},{"start":{"line":0,"column":0},"end":{"line":0,"column":0},"skip":true}]}}},"/Users/PoweredbySearch/Development/repos/freshbooks-api-client-redux/lib/api/client.js":{"path":"/Users/PoweredbySearch/Development/repos/freshbooks-api-client-redux/lib/api/client.js","s":{"1":1,"2":1,"3":1,"4":1},"b":{},"f":{},"fnMap":{},"statementMap":{"1":{"start":{"line":0,"column":0},"end":{"line":0,"column":0},"skip":true},"2":{"start":{"line":0,"column":0},"end":{"line":0,"column":0},"skip":true},"3":{"start":{"line":3,"column":0},"end":{"line":6,"column":2}},"4":{"start":{"line":6,"column":3},"end":{"line":16,"column":21}}},"branchMap":{}},"/Users/PoweredbySearch/Development/repos/freshbooks-api-client-redux/lib/api/helpers/index.js":{"path":"/Users/PoweredbySearch/Development/repos/freshbooks-api-client-redux/lib/api/helpers/index.js","s":{"1":1,"2":1,"3":1,"4":1,"5":1,"6":1,"7":1,"8":2,"9":1,"10":1},"b":{"1":[2,0],"2":[2,2]},"f":{"1":2},"fnMap":{"1":{"name":"_interopRequireDefault","line":16,"loc":{"start":{"line":0,"column":0},"end":{"line":0,"column":0},"skip":true},"skip":true}},"statementMap":{"1":{"start":{"line":0,"column":0},"end":{"line":0,"column":0},"skip":true},"2":{"start":{"line":0,"column":0},"end":{"line":0,"column":0},"skip":true},"3":{"start":{"line":0,"column":0},"end":{"line":0,"column":0},"skip":true},"4":{"start":{"line":0,"column":0},"end":{"line":0,"column":0},"skip":true},"5":{"start":{"line":0,"column":0},"end":{"line":0,"column":0},"skip":true},"6":{"start":{"line":0,"column":0},"end":{"line":0,"column":0},"skip":true},"7":{"start":{"line":0,"column":0},"end":{"line":0,"column":0},"skip":true},"8":{"start":{"line":0,"column":0},"end":{"line":0,"column":0},"skip":true},"9":{"start":{"line":0,"column":0},"end":{"line":0,"column":0},"skip":true},"10":{"start":{"line":0,"column":0},"end":{"line":0,"column":0},"skip":true}},"branchMap":{"1":{"line":16,"type":"cond-expr","locations":[{"start":{"line":0,"column":0},"end":{"line":0,"column":0},"skip":true},{"start":{"line":0,"column":0},"end":{"line":0,"column":0},"skip":true}]},"2":{"line":16,"type":"binary-expr","locations":[{"start":{"line":0,"column":0},"end":{"line":0,"column":0},"skip":true},{"start":{"line":0,"column":0},"end":{"line":0,"column":0},"skip":true}]}}},"/Users/PoweredbySearch/Development/repos/freshbooks-api-client-redux/lib/api/helpers/endpoint.js":{"path":"/Users/PoweredbySearch/Development/repos/freshbooks-api-client-redux/lib/api/helpers/endpoint.js","s":{"1":1,"2":1,"3":1,"4":1,"5":1,"6":1,"7":1,"8":1,"9":0,"10":0,"11":0,"12":0,"13":0,"14":0,"15":0,"16":1,"17":1,"18":1,"19":1,"20":1,"21":1,"22":1},"b":{"1":[1,0],"2":[1,1],"3":[0,0],"4":[0,0],"5":[0,1],"6":[1,1]},"f":{"1":1,"2":1,"3":1,"4":1},"fnMap":{"1":{"name":"_interopRequireWildcard","line":15,"loc":{"start":{"line":0,"column":0},"end":{"line":0,"column":0},"skip":true},"skip":true},"2":{"name":"_interopRequireDefault","line":17,"loc":{"start":{"line":0,"column":0},"end":{"line":0,"column":0},"skip":true},"skip":true},"3":{"name":"(anonymous_3)","line":22,"loc":{"start":{"line":7,"column":8},"end":{"line":7,"column":20}}},"4":{"name":"(anonymous_4)","line":25,"loc":{"start":{"line":8,"column":23},"end":{"line":8,"column":28}}}},"statementMap":{"1":{"start":{"line":0,"column":0},"end":{"line":0,"column":0},"skip":true},"2":{"start":{"line":0,"column":0},"end":{"line":0,"column":0},"skip":true},"3":{"start":{"line":0,"column":0},"end":{"line":0,"column":0},"skip":true},"4":{"start":{"line":0,"column":0},"end":{"line":0,"column":0},"skip":true},"5":{"start":{"line":0,"column":0},"end":{"line":0,"column":0},"skip":true},"6":{"start":{"line":0,"column":0},"end":{"line":0,"column":0},"skip":true},"7":{"start":{"line":0,"column":0},"end":{"line":0,"column":0},"skip":true},"8":{"start":{"line":0,"column":0},"end":{"line":0,"column":0},"skip":true},"9":{"start":{"line":0,"column":0},"end":{"line":0,"column":0},"skip":true},"10":{"start":{"line":0,"column":0},"end":{"line":0,"column":0},"skip":true},"11":{"start":{"line":0,"column":0},"end":{"line":0,"column":0},"skip":true},"12":{"start":{"line":0,"column":0},"end":{"line":0,"column":0},"skip":true},"13":{"start":{"line":0,"column":0},"end":{"line":0,"column":0},"skip":true},"14":{"start":{"line":0,"column":0},"end":{"line":0,"column":0},"skip":true},"15":{"start":{"line":0,"column":0},"end":{"line":0,"column":0},"skip":true},"16":{"start":{"line":0,"column":0},"end":{"line":0,"column":0},"skip":true},"17":{"start":{"line":0,"column":0},"end":{"line":0,"column":0},"skip":true},"18":{"start":{"line":4,"column":0},"end":{"line":11,"column":3}},"19":{"start":{"line":0,"column":0},"end":{"line":0,"column":0},"skip":true},"20":{"start":{"line":8,"column":2},"end":{"line":10,"column":5}},"21":{"start":{"line":9,"column":4},"end":{"line":9,"column":36}},"22":{"start":{"line":0,"column":0},"end":{"line":0,"column":0},"skip":true}},"branchMap":{"1":{"line":15,"type":"if","locations":[{"start":{"line":0,"column":0},"end":{"line":0,"column":0},"skip":true},{"start":{"line":0,"column":0},"end":{"line":0,"column":0},"skip":true}]},"2":{"line":15,"type":"binary-expr","locations":[{"start":{"line":0,"column":0},"end":{"line":0,"column":0},"skip":true},{"start":{"line":0,"column":0},"end":{"line":0,"column":0},"skip":true}]},"3":{"line":15,"type":"if","locations":[{"start":{"line":0,"column":0},"end":{"line":0,"column":0},"skip":true},{"start":{"line":0,"column":0},"end":{"line":0,"column":0},"skip":true}]},"4":{"line":15,"type":"if","locations":[{"start":{"line":0,"column":0},"end":{"line":0,"column":0},"skip":true},{"start":{"line":0,"column":0},"end":{"line":0,"column":0},"skip":true}]},"5":{"line":17,"type":"cond-expr","locations":[{"start":{"line":0,"column":0},"end":{"line":0,"column":0},"skip":true},{"start":{"line":0,"column":0},"end":{"line":0,"column":0},"skip":true}]},"6":{"line":17,"type":"binary-expr","locations":[{"start":{"line":0,"column":0},"end":{"line":0,"column":0},"skip":true},{"start":{"line":0,"column":0},"end":{"line":0,"column":0},"skip":true}]}}},"/Users/PoweredbySearch/Development/repos/freshbooks-api-client-redux/lib/api/helpers/methods/index.js":{"path":"/Users/PoweredbySearch/Development/repos/freshbooks-api-client-redux/lib/api/helpers/methods/index.js","s":{"1":1,"2":1,"3":1,"4":1,"5":1,"6":1,"7":1},"b":{"1":[1,0],"2":[1,1]},"f":{"1":1},"fnMap":{"1":{"name":"_interopRequireDefault","line":12,"loc":{"start":{"line":0,"column":0},"end":{"line":0,"column":0},"skip":true},"skip":true}},"statementMap":{"1":{"start":{"line":0,"column":0},"end":{"line":0,"column":0},"skip":true},"2":{"start":{"line":0,"column":0},"end":{"line":0,"column":0},"skip":true},"3":{"start":{"line":0,"column":0},"end":{"line":0,"column":0},"skip":true},"4":{"start":{"line":0,"column":0},"end":{"line":0,"column":0},"skip":true},"5":{"start":{"line":0,"column":0},"end":{"line":0,"column":0},"skip":true},"6":{"start":{"line":0,"column":0},"end":{"line":0,"column":0},"skip":true},"7":{"start":{"line":0,"column":0},"end":{"line":0,"column":0},"skip":true}},"branchMap":{"1":{"line":12,"type":"cond-expr","locations":[{"start":{"line":0,"column":0},"end":{"line":0,"column":0},"skip":true},{"start":{"line":0,"column":0},"end":{"line":0,"column":0},"skip":true}]},"2":{"line":12,"type":"binary-expr","locations":[{"start":{"line":0,"column":0},"end":{"line":0,"column":0},"skip":true},{"start":{"line":0,"column":0},"end":{"line":0,"column":0},"skip":true}]}}},"/Users/PoweredbySearch/Development/repos/freshbooks-api-client-redux/lib/api/helpers/methods/get.js":{"path":"/Users/PoweredbySearch/Development/repos/freshbooks-api-client-redux/lib/api/helpers/methods/get.js","s":{"1":1,"2":1,"3":0,"4":0,"5":1},"b":{},"f":{"1":0},"fnMap":{"1":{"name":"get","line":6,"loc":{"start":{"line":1,"column":-15},"end":{"line":1,"column":1}}}},"statementMap":{"1":{"start":{"line":0,"column":0},"end":{"line":0,"column":0},"skip":true},"2":{"start":{"line":1,"column":-15},"end":{"line":4,"column":1}},"3":{"start":{"line":2,"column":2},"end":{"line":2,"column":22}},"4":{"start":{"line":3,"column":2},"end":{"line":3,"column":25}},"5":{"start":{"line":0,"column":0},"end":{"line":0,"column":0},"skip":true}},"branchMap":{}},"/Users/PoweredbySearch/Development/repos/freshbooks-api-client-redux/lib/util/xml2jsBuilder.js":{"path":"/Users/PoweredbySearch/Development/repos/freshbooks-api-client-redux/lib/util/xml2jsBuilder.js","s":{"1":1,"2":1,"3":1,"4":1,"5":1,"6":1,"7":1,"8":1,"9":1,"10":1,"11":1,"12":1,"13":1,"14":1,"15":1,"16":1,"17":7,"18":1,"19":1,"20":1,"21":1,"22":1,"23":14,"24":39,"25":39,"26":26,"27":26,"28":10,"29":10,"30":10,"31":16,"32":29,"33":29,"34":1,"35":14,"36":1,"37":14,"38":14,"39":14,"40":6,"41":1,"42":10,"43":14,"44":10,"45":8,"46":8,"47":0,"48":0,"49":10,"50":10,"51":10,"52":42,"53":42,"54":32,"55":32,"56":12,"57":12,"58":9,"59":3,"60":12,"61":12,"62":20,"63":30,"64":30,"65":10,"66":1,"67":2,"68":1,"69":8,"70":1},"b":{"1":[3,4],"2":[7,7],"3":[26,13],"4":[10,16],"5":[10,0],"6":[6,8],"7":[8,2],"8":[0,8],"9":[32,10],"10":[12,20],"11":[9,3],"12":[3,3]},"f":{"1":7,"2":1,"3":14,"4":39,"5":14,"6":14,"7":10,"8":0,"9":42,"10":2,"11":8},"fnMap":{"1":{"name":"_interopRequireDefault","line":35,"loc":{"start":{"line":0,"column":0},"end":{"line":0,"column":0},"skip":true},"skip":true},"2":{"name":"(anonymous_2)","line":41,"loc":{"start":{"line":10,"column":8},"end":{"line":10,"column":20}}},"3":{"name":"buildPathStringWithArray","line":47,"loc":{"start":{"line":15,"column":35},"end":{"line":15,"column":43}}},"4":{"name":"(anonymous_4)","line":48,"loc":{"start":{"line":16,"column":25},"end":{"line":16,"column":47}}},"5":{"name":"(anonymous_5)","line":65,"loc":{"start":{"line":33,"column":14},"end":{"line":33,"column":21}}},"6":{"name":"(anonymous_6)","line":69,"loc":{"start":{"line":37,"column":15},"end":{"line":37,"column":21}}},"7":{"name":"(anonymous_7)","line":79,"loc":{"start":{"line":47,"column":17},"end":{"line":47,"column":30}}},"8":{"name":"(anonymous_8)","line":89,"loc":{"start":{"line":54,"column":44},"end":{"line":54,"column":51}}},"9":{"name":"(anonymous_9)","line":100,"loc":{"start":{"line":66,"column":37},"end":{"line":66,"column":59}}},"10":{"name":"(anonymous_10)","line":137,"loc":{"start":{"line":105,"column":17},"end":{"line":105,"column":33}}},"11":{"name":"(anonymous_11)","line":141,"loc":{"start":{"line":109,"column":17},"end":{"line":109,"column":27}}}},"statementMap":{"1":{"start":{"line":0,"column":0},"end":{"line":0,"column":0},"skip":true},"2":{"start":{"line":0,"column":0},"end":{"line":0,"column":0},"skip":true},"3":{"start":{"line":0,"column":0},"end":{"line":0,"column":0},"skip":true},"4":{"start":{"line":0,"column":0},"end":{"line":0,"column":0},"skip":true},"5":{"start":{"line":0,"column":0},"end":{"line":0,"column":0},"skip":true},"6":{"start":{"line":0,"column":0},"end":{"line":0,"column":0},"skip":true},"7":{"start":{"line":0,"column":0},"end":{"line":0,"column":0},"skip":true},"8":{"start":{"line":0,"column":0},"end":{"line":0,"column":0},"skip":true},"9":{"start":{"line":0,"column":0},"end":{"line":0,"column":0},"skip":true},"10":{"start":{"line":0,"column":0},"end":{"line":0,"column":0},"skip":true},"11":{"start":{"line":0,"column":0},"end":{"line":0,"column":0},"skip":true},"12":{"start":{"line":0,"column":0},"end":{"line":0,"column":0},"skip":true},"13":{"start":{"line":0,"column":0},"end":{"line":0,"column":0},"skip":true},"14":{"start":{"line":0,"column":0},"end":{"line":0,"column":0},"skip":true},"15":{"start":{"line":0,"column":0},"end":{"line":0,"column":0},"skip":true},"16":{"start":{"line":0,"column":0},"end":{"line":0,"column":0},"skip":true},"17":{"start":{"line":0,"column":0},"end":{"line":0,"column":0},"skip":true},"18":{"start":{"line":8,"column":0},"end":{"line":113,"column":3}},"19":{"start":{"line":0,"column":0},"end":{"line":0,"column":0},"skip":true},"20":{"start":{"line":12,"column":2},"end":{"line":12,"column":21}},"21":{"start":{"line":12,"column":22},"end":{"line":13,"column":31}},"22":{"start":{"line":15,"column":2},"end":{"line":31,"column":4}},"23":{"start":{"line":16,"column":4},"end":{"line":30,"column":11}},"24":{"start":{"line":17,"column":6},"end":{"line":17,"column":30}},"25":{"start":{"line":18,"column":6},"end":{"line":27,"column":7}},"26":{"start":{"line":19,"column":8},"end":{"line":19,"column":42}},"27":{"start":{"line":20,"column":8},"end":{"line":26,"column":9}},"28":{"start":{"line":21,"column":10},"end":{"line":21,"column":81}},"29":{"start":{"line":22,"column":10},"end":{"line":22,"column":52}},"30":{"start":{"line":23,"column":10},"end":{"line":23,"column":24}},"31":{"start":{"line":25,"column":10},"end":{"line":25,"column":38}},"32":{"start":{"line":28,"column":6},"end":{"line":28,"column":34}},"33":{"start":{"line":29,"column":6},"end":{"line":29,"column":20}},"34":{"start":{"line":33,"column":2},"end":{"line":35,"column":4}},"35":{"start":{"line":34,"column":4},"end":{"line":34,"column":23}},"36":{"start":{"line":37,"column":2},"end":{"line":45,"column":4}},"37":{"start":{"line":38,"column":4},"end":{"line":38,"column":19}},"38":{"start":{"line":40,"column":4},"end":{"line":40,"column":58}},"39":{"start":{"line":42,"column":4},"end":{"line":44,"column":5}},"40":{"start":{"line":43,"column":6},"end":{"line":43,"column":65}},"41":{"start":{"line":47,"column":2},"end":{"line":103,"column":4}},"42":{"start":{"line":0,"column":0},"end":{"line":0,"column":0},"skip":true},"43":{"start":{"line":47,"column":21},"end":{"line":47,"column":25}},"44":{"start":{"line":50,"column":4},"end":{"line":59,"column":5}},"45":{"start":{"line":51,"column":6},"end":{"line":51,"column":37}},"46":{"start":{"line":53,"column":6},"end":{"line":57,"column":7}},"47":{"start":{"line":54,"column":8},"end":{"line":56,"column":11}},"48":{"start":{"line":55,"column":10},"end":{"line":55,"column":52}},"49":{"start":{"line":59,"column":5},"end":{"line":62,"column":28}},"50":{"start":{"line":62,"column":29},"end":{"line":65,"column":48}},"51":{"start":{"line":66,"column":4},"end":{"line":96,"column":10}},"52":{"start":{"line":68,"column":6},"end":{"line":68,"column":30}},"53":{"start":{"line":70,"column":6},"end":{"line":91,"column":7}},"54":{"start":{"line":72,"column":8},"end":{"line":72,"column":42}},"55":{"start":{"line":74,"column":8},"end":{"line":89,"column":9}},"56":{"start":{"line":75,"column":10},"end":{"line":75,"column":25}},"57":{"start":{"line":77,"column":10},"end":{"line":81,"column":11}},"58":{"start":{"line":78,"column":12},"end":{"line":78,"column":48}},"59":{"start":{"line":80,"column":12},"end":{"line":80,"column":56}},"60":{"start":{"line":83,"column":10},"end":{"line":83,"column":52}},"61":{"start":{"line":85,"column":10},"end":{"line":85,"column":24}},"62":{"start":{"line":88,"column":10},"end":{"line":88,"column":38}},"63":{"start":{"line":93,"column":6},"end":{"line":93,"column":34}},"64":{"start":{"line":95,"column":6},"end":{"line":95,"column":20}},"65":{"start":{"line":96,"column":11},"end":{"line":102,"column":39}},"66":{"start":{"line":105,"column":2},"end":{"line":107,"column":4}},"67":{"start":{"line":106,"column":4},"end":{"line":106,"column":34}},"68":{"start":{"line":109,"column":2},"end":{"line":111,"column":4}},"69":{"start":{"line":110,"column":4},"end":{"line":110,"column":23}},"70":{"start":{"line":0,"column":0},"end":{"line":0,"column":0},"skip":true}},"branchMap":{"1":{"line":35,"type":"cond-expr","locations":[{"start":{"line":0,"column":0},"end":{"line":0,"column":0},"skip":true},{"start":{"line":0,"column":0},"end":{"line":0,"column":0},"skip":true}]},"2":{"line":35,"type":"binary-expr","locations":[{"start":{"line":0,"column":0},"end":{"line":0,"column":0},"skip":true},{"start":{"line":0,"column":0},"end":{"line":0,"column":0},"skip":true}]},"3":{"line":50,"type":"if","locations":[{"start":{"line":18,"column":6},"end":{"line":18,"column":6}},{"start":{"line":18,"column":6},"end":{"line":18,"column":6}}]},"4":{"line":52,"type":"if","locations":[{"start":{"line":20,"column":8},"end":{"line":20,"column":8}},{"start":{"line":20,"column":8},"end":{"line":20,"column":8}}]},"5":{"line":53,"type":"cond-expr","locations":[{"start":{"line":21,"column":54},"end":{"line":21,"column":76}},{"start":{"line":21,"column":79},"end":{"line":21,"column":80}}]},"6":{"line":74,"type":"if","locations":[{"start":{"line":42,"column":4},"end":{"line":42,"column":4}},{"start":{"line":42,"column":4},"end":{"line":42,"column":4}}]},"7":{"line":85,"type":"if","locations":[{"start":{"line":50,"column":4},"end":{"line":50,"column":4}},{"start":{"line":50,"column":4},"end":{"line":50,"column":4}}]},"8":{"line":88,"type":"if","locations":[{"start":{"line":53,"column":6},"end":{"line":53,"column":6}},{"start":{"line":53,"column":6},"end":{"line":53,"column":6}}]},"9":{"line":104,"type":"if","locations":[{"start":{"line":70,"column":6},"end":{"line":70,"column":6}},{"start":{"line":70,"column":6},"end":{"line":70,"column":6}}]},"10":{"line":108,"type":"if","locations":[{"start":{"line":74,"column":8},"end":{"line":74,"column":8}},{"start":{"line":74,"column":8},"end":{"line":74,"column":8}}]},"11":{"line":111,"type":"if","locations":[{"start":{"line":77,"column":10},"end":{"line":77,"column":10}},{"start":{"line":77,"column":10},"end":{"line":77,"column":10}}]},"12":{"line":114,"type":"binary-expr","locations":[{"start":{"line":80,"column":25},"end":{"line":80,"column":50}},{"start":{"line":80,"column":54},"end":{"line":80,"column":55}}]}}},"/Users/PoweredbySearch/Development/repos/freshbooks-api-client-redux/lib/util/xmlParser.js":{"path":"/Users/PoweredbySearch/Development/repos/freshbooks-api-client-redux/lib/util/xmlParser.js","s":{"1":1,"2":1,"3":1,"4":1,"5":1,"6":1,"7":1,"8":1,"9":1,"10":1,"11":1,"12":1,"13":1,"14":5,"15":1,"16":1,"17":1,"18":1,"19":1,"20":8,"21":1,"22":14,"23":14,"24":14,"25":14,"26":14,"27":2,"28":1,"29":14,"30":1,"31":1,"32":1},"b":{"1":[4,1],"2":[5,5],"3":[14,0],"4":[0,14]},"f":{"1":5,"2":1,"3":1,"4":8,"5":14,"6":2,"7":14,"8":1},"fnMap":{"1":{"name":"_interopRequireDefault","line":28,"loc":{"start":{"line":0,"column":0},"end":{"line":0,"column":0},"skip":true},"skip":true},"2":{"name":"xml2js","line":35,"loc":{"start":{"line":9,"column":7},"end":{"line":9,"column":29}}},"3":{"name":"(anonymous_3)","line":36,"loc":{"start":{"line":10,"column":21},"end":{"line":10,"column":32}}},"4":{"name":"(anonymous_4)","line":40,"loc":{"start":{"line":14,"column":20},"end":{"line":14,"column":25}}},"5":{"name":"(anonymous_5)","line":44,"loc":{"start":{"line":18,"column":23},"end":{"line":18,"column":49}}},"6":{"name":"(anonymous_6)","line":51,"loc":{"start":{"line":22,"column":40},"end":{"line":22,"column":47}}},"7":{"name":"(anonymous_7)","line":57,"loc":{"start":{"line":28,"column":24},"end":{"line":28,"column":32}}},"8":{"name":"(anonymous_8)","line":61,"loc":{"start":{"line":32,"column":19},"end":{"line":32,"column":25}}}},"statementMap":{"1":{"start":{"line":0,"column":0},"end":{"line":0,"column":0},"skip":true},"2":{"start":{"line":0,"column":0},"end":{"line":0,"column":0},"skip":true},"3":{"start":{"line":0,"column":0},"end":{"line":0,"column":0},"skip":true},"4":{"start":{"line":0,"column":0},"end":{"line":0,"column":0},"skip":true},"5":{"start":{"line":0,"column":0},"end":{"line":0,"column":0},"skip":true},"6":{"start":{"line":0,"column":0},"end":{"line":0,"column":0},"skip":true},"7":{"start":{"line":0,"column":0},"end":{"line":0,"column":0},"skip":true},"8":{"start":{"line":0,"column":0},"end":{"line":0,"column":0},"skip":true},"9":{"start":{"line":0,"column":0},"end":{"line":0,"column":0},"skip":true},"10":{"start":{"line":0,"column":0},"end":{"line":0,"column":0},"skip":true},"11":{"start":{"line":0,"column":0},"end":{"line":0,"column":0},"skip":true},"12":{"start":{"line":0,"column":0},"end":{"line":0,"column":0},"skip":true},"13":{"start":{"line":0,"column":0},"end":{"line":0,"column":0},"skip":true},"14":{"start":{"line":0,"column":0},"end":{"line":0,"column":0},"skip":true},"15":{"start":{"line":4,"column":0},"end":{"line":7,"column":3}},"16":{"start":{"line":9,"column":7},"end":{"line":38,"column":1}},"17":{"start":{"line":10,"column":2},"end":{"line":37,"column":5}},"18":{"start":{"line":12,"column":4},"end":{"line":12,"column":44}},"19":{"start":{"line":14,"column":4},"end":{"line":16,"column":6}},"20":{"start":{"line":15,"column":6},"end":{"line":15,"column":33}},"21":{"start":{"line":18,"column":4},"end":{"line":26,"column":6}},"22":{"start":{"line":0,"column":0},"end":{"line":0,"column":0},"skip":true},"23":{"start":{"line":0,"column":0},"end":{"line":0,"column":0},"skip":true},"24":{"start":{"line":19,"column":6},"end":{"line":19,"column":33}},"25":{"start":{"line":21,"column":6},"end":{"line":25,"column":7}},"26":{"start":{"line":22,"column":8},"end":{"line":24,"column":11}},"27":{"start":{"line":23,"column":10},"end":{"line":23,"column":56}},"28":{"start":{"line":28,"column":4},"end":{"line":30,"column":6}},"29":{"start":{"line":29,"column":6},"end":{"line":29,"column":34}},"30":{"start":{"line":32,"column":4},"end":{"line":34,"column":6}},"31":{"start":{"line":33,"column":6},"end":{"line":33,"column":36}},"32":{"start":{"line":36,"column":4},"end":{"line":36,"column":30}}},"branchMap":{"1":{"line":28,"type":"cond-expr","locations":[{"start":{"line":0,"column":0},"end":{"line":0,"column":0},"skip":true},{"start":{"line":0,"column":0},"end":{"line":0,"column":0},"skip":true}]},"2":{"line":28,"type":"binary-expr","locations":[{"start":{"line":0,"column":0},"end":{"line":0,"column":0},"skip":true},{"start":{"line":0,"column":0},"end":{"line":0,"column":0},"skip":true}]},"3":{"line":50,"type":"if","locations":[{"start":{"line":21,"column":6},"end":{"line":21,"column":6}},{"start":{"line":21,"column":6},"end":{"line":21,"column":6}}]},"4":{"line":50,"type":"cond-expr","locations":[{"start":{"line":21,"column":27},"end":{"line":21,"column":27}},{"start":{"line":21,"column":27},"end":{"line":21,"column":27}}]}}},"/Users/PoweredbySearch/Development/repos/freshbooks-api-client-redux/lib/util/request.js":{"path":"/Users/PoweredbySearch/Development/repos/freshbooks-api-client-redux/lib/util/request.js","s":{"1":1,"2":1,"3":1,"4":1,"5":0},"b":{},"f":{"1":0},"fnMap":{"1":{"name":"parseResponse","line":10,"loc":{"start":{"line":5,"column":7},"end":{"line":5,"column":41}}}},"statementMap":{"1":{"start":{"line":0,"column":0},"end":{"line":0,"column":0},"skip":true},"2":{"start":{"line":0,"column":0},"end":{"line":0,"column":0},"skip":true},"3":{"start":{"line":0,"column":0},"end":{"line":0,"column":0},"skip":true},"4":{"start":{"line":5,"column":7},"end":{"line":9,"column":1}},"5":{"start":{"line":8,"column":2},"end":{"line":8,"column":26}}},"branchMap":{}}}